<?xml version="1.0" encoding="utf-8"?>
<TestRun id="f6356ac5-e672-438f-a53a-ae4e09d10041" name="Akos@DESKTOP-JG32TDB 2019-03-16 13:34:38" runUser="DESKTOP-JG32TDB\Akos" xmlns="http://microsoft.com/schemas/VisualStudio/TeamTest/2010">
  <Times creation="2019-03-16T13:34:38.1362512+01:00" queuing="2019-03-16T13:34:38.1362514+01:00" start="2019-03-16T13:34:36.5638020+01:00" finish="2019-03-16T13:34:38.1748075+01:00" />
  <TestSettings name="default" id="47c81c24-bffc-45bb-98ef-4122f72386d7">
    <Deployment runDeploymentRoot="Akos_DESKTOP-JG32TDB_2019-03-16_13_34_38" />
  </TestSettings>
  <Results>
    <UnitTestResult executionId="fab5d65b-5e62-401a-aee5-1de3c5151a48" testId="716eaa73-f746-d185-44df-7f28b6eb8a2f" testName="TPassed" computerName="DESKTOP-JG32TDB" duration="00:00:00.0034826" startTime="2019-03-16T13:34:37.8256488+01:00" endTime="2019-03-16T13:34:37.8292926+01:00" testType="13cdc9d9-ddb5-4fa4-a97d-d965ccfc6d4b" outcome="Passed" testListId="8c84fa94-04c1-424b-9868-57a2d4851a1d" relativeResultsDirectory="fab5d65b-5e62-401a-aee5-1de3c5151a48" />
    <UnitTestResult executionId="014c9e4f-ba6d-467e-b264-54402e4fd67d" testId="438df7f8-76f9-44a7-b9a1-38f3e0c79622" testName="TInconclusive" computerName="DESKTOP-JG32TDB" duration="00:00:00.0190408" startTime="2019-03-16T13:34:37.8293258+01:00" endTime="2019-03-16T13:34:37.8485339+01:00" testType="13cdc9d9-ddb5-4fa4-a97d-d965ccfc6d4b" outcome="NotExecuted" testListId="8c84fa94-04c1-424b-9868-57a2d4851a1d" relativeResultsDirectory="014c9e4f-ba6d-467e-b264-54402e4fd67d">
      <Output>
        <ErrorInfo>
          <Message>Assert.Inconclusive failed. this is inconclisive</Message>
          <StackTrace>   at Ahk.Grader.ConsoleMessages.Tests.SampleTests.TInconclusive() in D:\Sources\Ahk\src\Tests\Ahk.Grader.ConsoleMessages.Tests\SampleTests.cs:line 86&#xD;
</StackTrace>
        </ErrorInfo>
      </Output>
    </UnitTestResult>
    <UnitTestResult executionId="5e866b5d-509c-4780-8525-b2555089fa7a" testId="2d5fde71-5cdb-4c4f-d580-0e53abc031bf" testName="TFailed2" computerName="DESKTOP-JG32TDB" duration="00:00:00.0051361" startTime="2019-03-16T13:34:37.8200382+01:00" endTime="2019-03-16T13:34:37.8255975+01:00" testType="13cdc9d9-ddb5-4fa4-a97d-d965ccfc6d4b" outcome="Failed" testListId="8c84fa94-04c1-424b-9868-57a2d4851a1d" relativeResultsDirectory="5e866b5d-509c-4780-8525-b2555089fa7a">
      <Output>
        <ErrorInfo>
          <Message>Assert.IsTrue failed. </Message>
          <StackTrace>   at Ahk.Grader.ConsoleMessages.Tests.SampleTests.TFailed2() in D:\Sources\Ahk\src\Tests\Ahk.Grader.ConsoleMessages.Tests\SampleTests.cs:line 32&#xD;
</StackTrace>
        </ErrorInfo>
      </Output>
    </UnitTestResult>
    <UnitTestResult executionId="a9f68c94-64a9-4c47-bff1-d9c649db3b66" testId="c05ef40f-69b8-ba50-2bfc-d0d1b53c1487" testName="TFailed1" computerName="DESKTOP-JG32TDB" duration="00:00:00.0744257" startTime="2019-03-16T13:34:37.6785730+01:00" endTime="2019-03-16T13:34:37.8025384+01:00" testType="13cdc9d9-ddb5-4fa4-a97d-d965ccfc6d4b" outcome="Failed" testListId="8c84fa94-04c1-424b-9868-57a2d4851a1d" relativeResultsDirectory="a9f68c94-64a9-4c47-bff1-d9c649db3b66">
      <Output>
        <ErrorInfo>
          <Message>Assert.Fail failed. not good</Message>
          <StackTrace>   at Ahk.Grader.ConsoleMessages.Tests.SampleTests.TFailed1() in D:\Sources\Ahk\src\Tests\Ahk.Grader.ConsoleMessages.Tests\SampleTests.cs:line 20&#xD;
</StackTrace>
        </ErrorInfo>
      </Output>
    </UnitTestResult>
  </Results>
  <TestDefinitions>
    <UnitTest name="TFailed1" storage="d:\sources\ahk\src\tests\ahk.grader.consolemessages.tests\bin\debug\netcoreapp2.1\ahk.grader.consolemessages.tests.dll" id="c05ef40f-69b8-ba50-2bfc-d0d1b53c1487">
      <Execution id="a9f68c94-64a9-4c47-bff1-d9c649db3b66" />
      <TestMethod codeBase="d:\Sources\Ahk\src\Tests\Ahk.Grader.ConsoleMessages.Tests\bin\Debug\netcoreapp2.1\Ahk.Grader.ConsoleMessages.Tests.dll" adapterTypeName="executor://mstestadapter/v2" className="Ahk.Grader.ConsoleMessages.Tests.SampleTests" name="TFailed1" />
    </UnitTest>
    <UnitTest name="TInconclusive" storage="d:\sources\ahk\src\tests\ahk.grader.consolemessages.tests\bin\debug\netcoreapp2.1\ahk.grader.consolemessages.tests.dll" id="438df7f8-76f9-44a7-b9a1-38f3e0c79622">
      <Execution id="014c9e4f-ba6d-467e-b264-54402e4fd67d" />
      <TestMethod codeBase="d:\Sources\Ahk\src\Tests\Ahk.Grader.ConsoleMessages.Tests\bin\Debug\netcoreapp2.1\Ahk.Grader.ConsoleMessages.Tests.dll" adapterTypeName="executor://mstestadapter/v2" className="Ahk.Grader.ConsoleMessages.Tests.SampleTests" name="TInconclusive" />
    </UnitTest>
    <UnitTest name="TPassed" storage="d:\sources\ahk\src\tests\ahk.grader.consolemessages.tests\bin\debug\netcoreapp2.1\ahk.grader.consolemessages.tests.dll" id="716eaa73-f746-d185-44df-7f28b6eb8a2f">
      <Execution id="fab5d65b-5e62-401a-aee5-1de3c5151a48" />
      <TestMethod codeBase="d:\Sources\Ahk\src\Tests\Ahk.Grader.ConsoleMessages.Tests\bin\Debug\netcoreapp2.1\Ahk.Grader.ConsoleMessages.Tests.dll" adapterTypeName="executor://mstestadapter/v2" className="Ahk.Grader.ConsoleMessages.Tests.SampleTests" name="TPassed" />
    </UnitTest>
    <UnitTest name="TFailed2" storage="d:\sources\ahk\src\tests\ahk.grader.consolemessages.tests\bin\debug\netcoreapp2.1\ahk.grader.consolemessages.tests.dll" id="2d5fde71-5cdb-4c4f-d580-0e53abc031bf">
      <Execution id="5e866b5d-509c-4780-8525-b2555089fa7a" />
      <TestMethod codeBase="d:\Sources\Ahk\src\Tests\Ahk.Grader.ConsoleMessages.Tests\bin\Debug\netcoreapp2.1\Ahk.Grader.ConsoleMessages.Tests.dll" adapterTypeName="executor://mstestadapter/v2" className="Ahk.Grader.ConsoleMessages.Tests.SampleTests" name="TFailed2" />
    </UnitTest>
  </TestDefinitions>
  <TestEntries>
    <TestEntry testId="716eaa73-f746-d185-44df-7f28b6eb8a2f" executionId="fab5d65b-5e62-401a-aee5-1de3c5151a48" testListId="8c84fa94-04c1-424b-9868-57a2d4851a1d" />
    <TestEntry testId="438df7f8-76f9-44a7-b9a1-38f3e0c79622" executionId="014c9e4f-ba6d-467e-b264-54402e4fd67d" testListId="8c84fa94-04c1-424b-9868-57a2d4851a1d" />
    <TestEntry testId="2d5fde71-5cdb-4c4f-d580-0e53abc031bf" executionId="5e866b5d-509c-4780-8525-b2555089fa7a" testListId="8c84fa94-04c1-424b-9868-57a2d4851a1d" />
    <TestEntry testId="c05ef40f-69b8-ba50-2bfc-d0d1b53c1487" executionId="a9f68c94-64a9-4c47-bff1-d9c649db3b66" testListId="8c84fa94-04c1-424b-9868-57a2d4851a1d" />
  </TestEntries>
  <TestLists>
    <TestList name="Results Not in a List" id="8c84fa94-04c1-424b-9868-57a2d4851a1d" />
    <TestList name="All Loaded Results" id="19431567-8539-422a-85d7-44ee4e166bda" />
  </TestLists>
  <ResultSummary outcome="Failed">
    <Counters total="4" executed="3" passed="1" failed="2" error="0" timeout="0" aborted="0" inconclusive="0" passedButRunAborted="0" notRunnable="0" notExecuted="0" disconnected="0" warning="0" completed="0" inProgress="0" pending="0" />
    <Output>
      <StdOut>Test 'TInconclusive' was skipped in the test run.</StdOut>
    </Output>
  </ResultSummary>
</TestRun>